2019-03-04 16:16:28 [000000] tea for god
2019-03-04 16:16:28 [000000] by void room (2016-2018)
2019-03-04 16:16:28 [000000] build: v0.3.3 (#169) built on: Mar  4 2019, 15:03:54
2019-03-04 16:16:28 [000000] load code info
2019-03-04 16:16:28 [000000] loading settings...
2019-03-04 16:16:28 [000000] initialising VR...
2019-03-04 16:16:28 [000000] choose oculus
2019-03-04 16:16:28 [000000] initialising oculus
2019-03-04 16:16:28 [000000] create device
2019-03-04 16:16:28 [000000] device : Oculus Rift CV1
2019-03-04 16:16:28 [000000] check load play area rect
2019-03-04 16:16:28 [000000] half right 2.037 (full 4.075)
2019-03-04 16:16:28 [000000] half forward 1.488 (full 2.975)
2019-03-04 16:16:28 [000000] loaded play rect area
2019-03-04 16:16:28 [000000] update tracking devices
2019-03-04 16:16:28 [000000] is ok?
2019-03-04 16:16:28 [000000] initialising video...
2019-03-04 16:16:29 [000000] open gl: 4.6.0 NVIDIA 418.81
2019-03-04 16:16:29 [000000] version: 4.6
2019-03-04 16:16:29 [000000] vendor: NVIDIA Corporation
2019-03-04 16:16:29 [000000] renderer : GeForce GTX 1080 Ti/PCIe/SSE2
2019-03-04 16:16:29 [000000] initialising sound...
2019-03-04 16:16:29 [000000] using preferred audio device "Headphones (Rift Audio)"
2019-03-04 16:16:29 [000000] systems initialised
2019-03-04 16:16:29 [000000] jobs:
2019-03-04 16:16:29 [000000]  game           :   8
2019-03-04 16:16:29 [000000]  render         :   1
2019-03-04 16:16:29 [000000]  system         :   1
2019-03-04 16:16:29 [000000]  prepare render :   8
2019-03-04 16:16:29 [000000]  sound          :   8
2019-03-04 16:16:29 [000000]  background     :   1
2019-03-04 16:16:29 [000000]  worker         :   8
2019-03-04 16:16:29 [000000]  async worker   :   7
2019-03-04 16:16:29 [000000]  loading worker :   7
2019-03-04 16:16:30 [000000] room generator: using vr
2019-03-04 16:16:30 [000000] play area rect size: 4.07m x 2.98m
2019-03-04 16:16:30 [000000] tile size: 0.74m
2019-03-04 16:16:30 [000000] tile count: 5 x 4
2019-03-04 16:16:30 [000000] [warning] enabling/disabling bounds rendering not supported yet
2019-03-04 16:16:30 [000000] load shader program cache
2019-03-04 16:16:30 [000000] load library "system"...
2019-03-04 16:16:33 [000239] library "system" loaded and prepared for game (3.0s)
2019-03-04 16:16:33 [000280] save shader program cache
2019-03-04 16:16:33 [000280] load library "library"...
2019-03-04 16:16:34 [000351] [warning in XML] library/weapons\pistol.cx at 26 : frequency should be greater than zero
2019-03-04 16:16:34 [000352] [warning in XML] library/weapons\shotgun.cx at 24 : frequency should be greater than zero
2019-03-04 16:16:34 [000352] [warning in XML] library/weapons\shotgun.cx at 25 : frequency should be greater than zero
2019-03-04 16:16:34 [000354] [warning in XML] library/weapons\submachine gun.cx at 91 : frequency should be greater than zero
2019-03-04 16:16:38 [000601] library "library" loaded and prepared for game (4.8s)
2019-03-04 16:16:38 [000602] save shader program cache
2019-03-04 16:16:38 [000602] tea library loaded!
2019-03-04 16:16:38 [000605] using random generator 1551744998, 0
2019-03-04 16:16:38 [000605] part idx 0
2019-03-04 16:16:38 [000605] start pilgrimage with seed 1551744998, 0
2019-03-04 16:16:38 [000606] room generator: using vr
2019-03-04 16:16:38 [000607] play area rect size: 4.07m x 2.98m
2019-03-04 16:16:38 [000607] tile size: 0.74m
2019-03-04 16:16:38 [000607] tile count: 5 x 4
2019-03-04 16:16:38 [000610] generating room 
2019-03-04 16:16:38 [000610] generating using room type stations:station 02
2019-03-04 16:16:38 [000610] generated in 0.037s
2019-03-04 16:16:38 [000610] generating room beyond door room 0 "stations:station 02 temple"
2019-03-04 16:16:38 [000610] generating using room type stations:station 02 temple
2019-03-04 16:16:39 [000610] generated in 0.045s
2019-03-04 16:16:56 [002061] devices changed!
2019-03-04 16:16:56 [002061] model : 
2019-03-04 16:16:56 [002076] devices changed!
2019-03-04 16:16:56 [002076] model : 
2019-03-04 16:16:56 [002076] model : 
2019-03-04 16:17:13 [003579] [warning] HITCH FRAME TIME 38.506ms (expected 11.111ms)
2019-03-04 16:17:13 [003580] create next part...
2019-03-04 16:17:13 [003580] seed 1551744998, 0
2019-03-04 16:17:13 [003580] part idx 0:0
2019-03-04 16:17:13 [003580] generating room 
2019-03-04 16:17:13 [003580] generating using room type stations:station 00
2019-03-04 16:17:13 [003584] generated in 0.038s
2019-03-04 16:17:13 [003584] create region...
2019-03-04 16:17:13 [003584] create station entrance/exit rooms...
2019-03-04 16:17:13 [003584] generate region using rg 1551744998, 0
2019-03-04 16:17:13 [003584] generating room 
2019-03-04 16:17:13 [003584] generating using room type testVR:in the city
2019-03-04 16:17:13 [003585] generated in 0.013s
2019-03-04 16:17:13 [003585] generating room 
2019-03-04 16:17:13 [003585] generating using room type stations:exit
2019-03-04 16:17:13 [003585] generated in 0.003s
2019-03-04 16:17:13 [003585] generating room 
2019-03-04 16:17:13 [003585] generating using room type stations:entrance
2019-03-04 16:17:13 [003585] generated in 0.003s
2019-03-04 16:17:13 [003585] generating room 
2019-03-04 16:17:13 [003585] generating using room type places, maze:mazeRoom empty
2019-03-04 16:17:13 [003586] generated in 0.003s
2019-03-04 16:17:13 [003586] generating room vr corridor 1
2019-03-04 16:17:13 [003586] generating using room type places, maze:maze vr corridor selector
2019-03-04 16:17:13 [003586] choose for corridor from:
2019-03-04 16:17:13 [003586]  + (0.500) setting type: corridor tagged: not (shaft)
2019-03-04 16:17:13 [003586]    places, maze:maze vr corridor
2019-03-04 16:17:13 [003586]  + (0.500) setting type: corridor tagged: shaft
2019-03-04 16:17:13 [003586]    won't be used because is empty!
2019-03-04 16:17:13 [003586] choose "places, maze:maze vr corridor" for corridor (through world setting condition)
2019-03-04 16:17:13 [003586] generating using room type places, maze:maze vr corridor
2019-03-04 16:17:13 [003586] generated in 0.009s
2019-03-04 16:17:13 [003586] generating room 
2019-03-04 16:17:13 [003586] generating using room type places, maze:mazeRoom
2019-03-04 16:17:13 [003587] generated in 0.004s
2019-03-04 16:17:13 [003587] generating room vr corridor 2
2019-03-04 16:17:13 [003587] generating using room type places, maze:maze vr corridor selector
2019-03-04 16:17:13 [003587] choose for corridor from:
2019-03-04 16:17:13 [003587]  + (0.500) setting type: corridor tagged: not (shaft)
2019-03-04 16:17:13 [003587]    places, maze:maze vr corridor
2019-03-04 16:17:13 [003587]  + (0.500) setting type: corridor tagged: shaft
2019-03-04 16:17:13 [003587]    won't be used because is empty!
2019-03-04 16:17:13 [003587] choose "places, maze:maze vr corridor" for corridor (through world setting condition)
2019-03-04 16:17:13 [003587] generating using room type places, maze:maze vr corridor
2019-03-04 16:17:13 [003587] generated in 0.004s
2019-03-04 16:17:13 [003587] generating room 
2019-03-04 16:17:13 [003587] generating using room type places, maze:mazeRoom
2019-03-04 16:17:13 [003587] generated in 0.003s
2019-03-04 16:17:13 [003587] generating room 
2019-03-04 16:17:13 [003587] generating using room type places, maze:mazeRoom
2019-03-04 16:17:13 [003588] generated in 0.005s
2019-03-04 16:17:13 [003588] generating room 
2019-03-04 16:17:13 [003588] generating using room type places, maze:mazeRoom
2019-03-04 16:17:13 [003588] generated in 0.005s
2019-03-04 16:17:13 [003588] generating room vr corridor 3
2019-03-04 16:17:13 [003588] generating using room type places, maze:maze vr corridor selector
2019-03-04 16:17:13 [003588] choose for corridor from:
2019-03-04 16:17:13 [003588]  + (0.500) setting type: corridor tagged: not (shaft)
2019-03-04 16:17:13 [003588]    places, maze:maze vr corridor
2019-03-04 16:17:13 [003588]  + (0.500) setting type: corridor tagged: shaft
2019-03-04 16:17:13 [003588]    won't be used because is empty!
2019-03-04 16:17:13 [003588] choose "places, maze:maze vr corridor" for corridor (through world setting condition)
2019-03-04 16:17:13 [003588] generating using room type places, maze:maze vr corridor
2019-03-04 16:17:13 [003589] generated in 0.006s
2019-03-04 16:17:13 [003589] generating room 
2019-03-04 16:17:13 [003589] generating using room type places, maze:mazeRoom empty
2019-03-04 16:17:13 [003589] generated in 0.003s
2019-03-04 16:17:13 [003589] generating room vr corridor 4
2019-03-04 16:17:13 [003589] generating using room type places, maze:maze vr corridor selector
2019-03-04 16:17:13 [003589] choose for corridor from:
2019-03-04 16:17:13 [003589]  + (0.500) setting type: corridor tagged: not (shaft)
2019-03-04 16:17:13 [003589]    places, maze:maze vr corridor
2019-03-04 16:17:13 [003589]  + (0.500) setting type: corridor tagged: shaft
2019-03-04 16:17:13 [003589]    won't be used because is empty!
2019-03-04 16:17:13 [003589] choose "places, maze:maze vr corridor" for corridor (through world setting condition)
2019-03-04 16:17:13 [003589] generating using room type places, maze:maze vr corridor
2019-03-04 16:17:13 [003590] generated in 0.006s
2019-03-04 16:17:13 [003590] generating room 
2019-03-04 16:17:13 [003590] generating using room type places, bridge:bridge
2019-03-04 16:17:14 [003687] wallEdgeTop [Transform]
2019-03-04 16:17:14 [003687]   translation : x:-0.055284 y:-11.355459 z:-8.972602
2019-03-04 16:17:14 [003687]   orientation : p:0.000000 y:180.000000 r:-0.000000
2019-03-04 16:17:14 [003687] wallEdgeTop [Transform]
2019-03-04 16:17:14 [003687]   translation : x:7.113944 y:9.619373 z:-11.246813
2019-03-04 16:17:14 [003687]   orientation : p:0.000000 y:0.000000 r:-0.000000
2019-03-04 16:17:14 [003688] generated in 1.092s
2019-03-04 16:17:14 [003688] generating room vr corridor 5
2019-03-04 16:17:14 [003688] generating using room type places, maze:maze vr corridor selector
2019-03-04 16:17:14 [003688] choose for corridor from:
2019-03-04 16:17:14 [003688]  + (0.500) setting type: corridor tagged: not (shaft)
2019-03-04 16:17:14 [003688]    places, maze:maze vr corridor
2019-03-04 16:17:14 [003688]  + (0.500) setting type: corridor tagged: shaft
2019-03-04 16:17:14 [003688]    won't be used because is empty!
2019-03-04 16:17:14 [003688] choose "places, maze:maze vr corridor" for corridor (through world setting condition)
2019-03-04 16:17:14 [003688] generating using room type places, maze:maze vr corridor
2019-03-04 16:17:14 [003688] generated in 0.006s
2019-03-04 16:17:14 [003688] generating room 
2019-03-04 16:17:14 [003688] generating using room type places, balconies:balconies main room
2019-03-04 16:17:14 [003689] generated in 0.015s
2019-03-04 16:17:14 [003689] generating room vr corridor 6
2019-03-04 16:17:14 [003689] generating using room type places, balconies:balconies door vr corridor
2019-03-04 16:17:14 [003690] generated in 0.005s
2019-03-04 16:17:14 [003690] generating room vr corridor 7 (elevator)
2019-03-04 16:17:14 [003690] generating using room type places, balconies:balconies door vr elevator
2019-03-04 16:17:15 [003749] generated in 0.654s
2019-03-04 16:17:15 [003749] generating room vr corridor 7 (elevator) (entrance 0)
2019-03-04 16:17:15 [003749] generating using room type places, balconies:balconies door vr elevator floor
2019-03-04 16:17:15 [003749] generated in 0.001s
2019-03-04 16:17:15 [003749] generating room 
2019-03-04 16:17:15 [003749] generating using room type places, balconies:balconies passage room
2019-03-04 16:17:15 [003749] generated in 0.003s
2019-03-04 16:17:15 [003749] generating room vr corridor 8
2019-03-04 16:17:15 [003749] generating using room type places, balconies:balconies door vr corridor
2019-03-04 16:17:15 [003750] generated in 0.009s
2019-03-04 16:17:15 [003750] generating room vr corridor 9
2019-03-04 16:17:15 [003750] generating using room type places, balconies:balconies door vr corridor
2019-03-04 16:17:15 [003751] generated in 0.014s
2019-03-04 16:17:15 [003751] generating room vr corridor 7 (elevator) (entrance 1)
2019-03-04 16:17:15 [003751] generating using room type places, balconies:balconies door vr elevator floor
2019-03-04 16:17:15 [003751] generated in 0.002s
2019-03-04 16:17:15 [003751] generating room beyond door room 0 "testVR:long corridor 01"
2019-03-04 16:17:15 [003751] generating using room type testVR:long corridor 01
2019-03-04 16:17:15 [003752] generated in 0.006s
2019-03-04 16:17:15 [003752] generating room beyond door room 0 "testVR:long corridor 01"
2019-03-04 16:17:15 [003752] generating using room type testVR:long corridor 01
2019-03-04 16:17:15 [003753] generated in 0.007s
2019-03-04 16:17:15 [003753] generating room beyond door room 0 "testVR:view onto the city"
2019-03-04 16:17:15 [003753] generating using room type testVR:view onto the city
2019-03-04 16:17:15 [003753] generated in 0.000s
2019-03-04 16:17:15 [003753] generating room vr corridor 10
2019-03-04 16:17:15 [003753] generating using room type places, maze:maze vr corridor selector
2019-03-04 16:17:15 [003753] choose for corridor from:
2019-03-04 16:17:15 [003753]  + (0.500) setting type: corridor tagged: not (shaft)
2019-03-04 16:17:15 [003753]    places, maze:maze vr corridor
2019-03-04 16:17:15 [003753]  + (0.500) setting type: corridor tagged: shaft
2019-03-04 16:17:15 [003753]    won't be used because is empty!
2019-03-04 16:17:15 [003753] choose "places, maze:maze vr corridor" for corridor (through world setting condition)
2019-03-04 16:17:15 [003753] generating using room type places, maze:maze vr corridor
2019-03-04 16:17:15 [003753] generated in 0.002s
2019-03-04 16:17:15 [003753] generating room vr corridor 11
2019-03-04 16:17:15 [003753] generating using room type places, maze:maze vr corridor selector
2019-03-04 16:17:15 [003753] choose for corridor from:
2019-03-04 16:17:15 [003753]  + (0.500) setting type: corridor tagged: not (shaft)
2019-03-04 16:17:15 [003753]    places, maze:maze vr corridor
2019-03-04 16:17:15 [003753]  + (0.500) setting type: corridor tagged: shaft
2019-03-04 16:17:15 [003753]    won't be used because is empty!
2019-03-04 16:17:15 [003753] choose "places, maze:maze vr corridor" for corridor (through world setting condition)
2019-03-04 16:17:15 [003753] generating using room type places, maze:maze vr corridor
2019-03-04 16:17:15 [003753] generated in 0.003s
2019-03-04 16:17:15 [003753] generating room vr corridor 12
2019-03-04 16:17:15 [003753] generating using room type places, maze:maze vr corridor selector
2019-03-04 16:17:15 [003753] choose for corridor from:
2019-03-04 16:17:15 [003753]  + (0.500) setting type: corridor tagged: not (shaft)
2019-03-04 16:17:15 [003753]    places, maze:maze vr corridor
2019-03-04 16:17:15 [003753]  + (0.500) setting type: corridor tagged: shaft
2019-03-04 16:17:15 [003753]    won't be used because is empty!
2019-03-04 16:17:15 [003753] choose "places, maze:maze vr corridor" for corridor (through world setting condition)
2019-03-04 16:17:15 [003753] generating using room type places, maze:maze vr corridor
2019-03-04 16:17:15 [003754] generated in 0.007s
2019-03-04 16:17:15 [003754] generating room vr corridor 13
2019-03-04 16:17:15 [003754] generating using room type places, balconies:balconies door vr corridor
2019-03-04 16:17:15 [003754] generated in 0.008s
2019-03-04 16:17:15 [003754] generated current region in 1.90s
2019-03-04 16:17:15 [003754] should cancel next part!
2019-03-04 16:17:15 [003754]   polygonNormalIssue
2019-03-04 16:17:15 [003754]   polygonNormalIssue
2019-03-04 16:17:15 [003754]   polygonNormalIssue
2019-03-04 16:17:15 [003754]   polygonNormalIssue
2019-03-04 16:17:15 [003754]   polygonNormalIssue
2019-03-04 16:17:15 [003754]   polygonNormalIssue
2019-03-04 16:17:15 [003754]   polygonNormalIssue
2019-03-04 16:17:15 [003754]   polygonNormalIssue
2019-03-04 16:17:15 [003754]   polygonNormalIssue
2019-03-04 16:17:15 [003754]   polygonNormalIssue
2019-03-04 16:17:15 [003754]   polygonNormalIssue
2019-03-04 16:17:15 [003754]   polygonNormalIssue
2019-03-04 16:17:15 [003760] created next region in 2.00s
2019-03-04 16:17:15 [003760] started removal of unused temporary objects
2019-03-04 16:17:15 [003762] ended removal of unused temporary objects (removed: 112)
2019-03-04 16:17:15 [003762] library - loaded 1610 objects
2019-03-04 16:17:17 [003919] [ERROR] no skinning data created using "npcs:proximity mine", may have degenerated vertices after transform
2019-03-04 16:18:45 [011892] start exit
2019-03-04 16:18:45 [011892] save player setup
2019-03-04 16:18:45 [011892] config saved
2019-03-04 16:18:45 [011892] save game config
2019-03-04 16:18:45 [011892] config saved
2019-03-04 16:18:45 [011892] terminate job system
2019-03-04 16:18:45 [011892] terminating job system...
2019-03-04 16:18:45 [011892] terminated job system...
2019-03-04 16:18:45 [011892] close sound
2019-03-04 16:18:45 [011892] close VR
2019-03-04 16:18:45 [011892] close video 3D
2019-03-04 16:18:45 [011892] exit now
