2019-03-04 20:39:43 [000000] tea for god
2019-03-04 20:39:43 [000000] by void room (2016-2018)
2019-03-04 20:39:43 [000000] build: v0.3.3 (#169) built on: Mar  4 2019, 15:03:54
2019-03-04 20:39:43 [000000] load code info
2019-03-04 20:39:43 [000000] loading settings...
2019-03-04 20:39:43 [000000] initialising VR...
2019-03-04 20:39:43 [000000] choose oculus
2019-03-04 20:39:43 [000000] initialising oculus
2019-03-04 20:39:43 [000000] create device
2019-03-04 20:39:43 [000000] device : Oculus Rift CV1
2019-03-04 20:39:43 [000000] check load play area rect
2019-03-04 20:39:43 [000000] half right 2.037 (full 4.075)
2019-03-04 20:39:43 [000000] half forward 1.488 (full 2.975)
2019-03-04 20:39:43 [000000] loaded play rect area
2019-03-04 20:39:43 [000000] update tracking devices
2019-03-04 20:39:43 [000000] model : 
2019-03-04 20:39:43 [000000] model : 
2019-03-04 20:39:43 [000000] is ok?
2019-03-04 20:39:43 [000000] initialising video...
2019-03-04 20:39:43 [000000] open gl: 4.6.0 NVIDIA 418.81
2019-03-04 20:39:43 [000000] version: 4.6
2019-03-04 20:39:43 [000000] vendor: NVIDIA Corporation
2019-03-04 20:39:43 [000000] renderer : GeForce GTX 1080 Ti/PCIe/SSE2
2019-03-04 20:39:43 [000000] initialising sound...
2019-03-04 20:39:43 [000000] using preferred audio device "Headphones (Rift Audio)"
2019-03-04 20:39:44 [000000] systems initialised
2019-03-04 20:39:44 [000000] jobs:
2019-03-04 20:39:44 [000000]  game           :   8
2019-03-04 20:39:44 [000000]  render         :   1
2019-03-04 20:39:44 [000000]  system         :   1
2019-03-04 20:39:44 [000000]  prepare render :   8
2019-03-04 20:39:44 [000000]  sound          :   8
2019-03-04 20:39:44 [000000]  background     :   1
2019-03-04 20:39:44 [000000]  worker         :   8
2019-03-04 20:39:44 [000000]  async worker   :   7
2019-03-04 20:39:44 [000000]  loading worker :   7
2019-03-04 20:39:44 [000000] room generator: using vr
2019-03-04 20:39:44 [000000] play area rect size: 4.07m x 2.98m
2019-03-04 20:39:44 [000000] tile size: 0.74m
2019-03-04 20:39:44 [000000] tile count: 5 x 4
2019-03-04 20:39:44 [000000] [warning] enabling/disabling bounds rendering not supported yet
2019-03-04 20:39:44 [000000] load shader program cache
2019-03-04 20:39:44 [000000] load library "system"...
2019-03-04 20:39:47 [000238] library "system" loaded and prepared for game (2.8s)
2019-03-04 20:39:48 [000280] load library "library"...
2019-03-04 20:39:49 [000386] [warning in XML] library/weapons\pistol.cx at 26 : frequency should be greater than zero
2019-03-04 20:39:49 [000386] [warning in XML] library/weapons\shotgun.cx at 24 : frequency should be greater than zero
2019-03-04 20:39:49 [000386] [warning in XML] library/weapons\shotgun.cx at 25 : frequency should be greater than zero
2019-03-04 20:39:49 [000388] [warning in XML] library/weapons\submachine gun.cx at 91 : frequency should be greater than zero
2019-03-04 20:39:52 [000641] library "library" loaded and prepared for game (4.3s)
2019-03-04 20:39:52 [000642] tea library loaded!
2019-03-04 20:39:52 [000645] using random generator 1551760792, 0
2019-03-04 20:39:52 [000645] part idx 0
2019-03-04 20:39:52 [000645] start pilgrimage with seed 1551760792, 0
2019-03-04 20:39:52 [000647] room generator: using vr
2019-03-04 20:39:52 [000647] play area rect size: 4.07m x 2.98m
2019-03-04 20:39:52 [000647] tile size: 0.74m
2019-03-04 20:39:52 [000647] tile count: 5 x 4
2019-03-04 20:39:52 [000649] generating room 
2019-03-04 20:39:52 [000649] generating using room type stations:station 02
2019-03-04 20:39:52 [000649] generated in 0.036s
2019-03-04 20:39:52 [000649] generating room beyond door room 0 "stations:station 02 temple"
2019-03-04 20:39:52 [000649] generating using room type stations:station 02 temple
2019-03-04 20:39:52 [000650] generated in 0.049s
2019-03-04 20:40:00 [001380] [warning] HITCH FRAME TIME 37.859ms (expected 11.111ms)
2019-03-04 20:40:00 [001381] create next part...
2019-03-04 20:40:00 [001381] seed 1551760792, 0
2019-03-04 20:40:00 [001381] part idx 0:0
2019-03-04 20:40:00 [001381] generating room 
2019-03-04 20:40:00 [001381] generating using room type stations:station 00
2019-03-04 20:40:01 [001385] generated in 0.044s
2019-03-04 20:40:01 [001385] create region...
2019-03-04 20:40:01 [001385] create station entrance/exit rooms...
2019-03-04 20:40:01 [001385] generate region using rg 1551760792, 0
2019-03-04 20:40:01 [001385] generating room 
2019-03-04 20:40:01 [001385] generating using room type testVR:in the city
2019-03-04 20:40:01 [001386] generated in 0.015s
2019-03-04 20:40:01 [001387] generating room 
2019-03-04 20:40:01 [001387] generating using room type stations:exit
2019-03-04 20:40:01 [001387] generated in 0.003s
2019-03-04 20:40:01 [001387] generating room 
2019-03-04 20:40:01 [001387] generating using room type stations:entrance
2019-03-04 20:40:01 [001387] generated in 0.003s
2019-03-04 20:40:01 [001387] generating room 
2019-03-04 20:40:01 [001387] generating using room type places, maze:mazeRoom
2019-03-04 20:40:01 [001388] generated in 0.005s
2019-03-04 20:40:01 [001388] generating room vr corridor 1 (elevator)
2019-03-04 20:40:01 [001388] generating using room type places, maze:maze vr elevator selector
2019-03-04 20:40:01 [001388] choose for corridor from:
2019-03-04 20:40:01 [001388]  + (0.500) setting type: elevator tagged:
2019-03-04 20:40:01 [001388]    places, maze:maze vr elevator
2019-03-04 20:40:01 [001388] choose "places, maze:maze vr elevator" for corridor (through world setting condition)
2019-03-04 20:40:01 [001388] generating using room type places, maze:maze vr elevator
2019-03-04 20:40:01 [001443] generated in 0.624s
2019-03-04 20:40:01 [001443] generating room vr corridor 1 (elevator) (entrance 0)
2019-03-04 20:40:01 [001443] generating using room type places, maze:maze vr elevator floor
2019-03-04 20:40:01 [001444] generated in 0.004s
2019-03-04 20:40:01 [001444] generating room vr corridor 1 (elevator) (entrance 1)
2019-03-04 20:40:01 [001444] generating using room type places, maze:maze vr elevator floor
2019-03-04 20:40:01 [001444] generated in 0.003s
2019-03-04 20:40:01 [001444] generating room vr corridor 2
2019-03-04 20:40:01 [001444] generating using room type places, maze:maze vr corridor selector
2019-03-04 20:40:01 [001444] choose for corridor from:
2019-03-04 20:40:01 [001444]  + (0.500) setting type: corridor tagged: not (shaft)
2019-03-04 20:40:01 [001444]    places, maze:maze vr corridor
2019-03-04 20:40:01 [001444]  + (0.500) setting type: corridor tagged: shaft
2019-03-04 20:40:01 [001444]    won't be used because is empty!
2019-03-04 20:40:01 [001444] choose "places, maze:maze vr corridor" for corridor (through world setting condition)
2019-03-04 20:40:01 [001444] generating using room type places, maze:maze vr corridor
2019-03-04 20:40:01 [001444] generated in 0.003s
2019-03-04 20:40:01 [001444] generating room 
2019-03-04 20:40:01 [001444] generating using room type places, maze:mazeRoom empty
2019-03-04 20:40:01 [001445] generated in 0.003s
2019-03-04 20:40:01 [001445] generating room vr corridor 3
2019-03-04 20:40:01 [001445] generating using room type places, maze:maze vr corridor selector
2019-03-04 20:40:01 [001445] choose for corridor from:
2019-03-04 20:40:01 [001445]  + (0.500) setting type: corridor tagged: not (shaft)
2019-03-04 20:40:01 [001445]    places, maze:maze vr corridor
2019-03-04 20:40:01 [001445]  + (0.500) setting type: corridor tagged: shaft
2019-03-04 20:40:01 [001445]    won't be used because is empty!
2019-03-04 20:40:01 [001445] choose "places, maze:maze vr corridor" for corridor (through world setting condition)
2019-03-04 20:40:01 [001445] generating using room type places, maze:maze vr corridor
2019-03-04 20:40:01 [001445] generated in 0.006s
2019-03-04 20:40:01 [001445] generating room 
2019-03-04 20:40:01 [001445] generating using room type places, maze:mazeRoom
2019-03-04 20:40:01 [001445] generated in 0.003s
2019-03-04 20:40:01 [001445] generating room vr corridor 4
2019-03-04 20:40:01 [001445] generating using room type places, maze:maze vr corridor selector
2019-03-04 20:40:01 [001445] choose for corridor from:
2019-03-04 20:40:01 [001445]  + (0.500) setting type: corridor tagged: not (shaft)
2019-03-04 20:40:01 [001445]    places, maze:maze vr corridor
2019-03-04 20:40:01 [001445]  + (0.500) setting type: corridor tagged: shaft
2019-03-04 20:40:01 [001445]    won't be used because is empty!
2019-03-04 20:40:01 [001446] choose "places, maze:maze vr corridor" for corridor (through world setting condition)
2019-03-04 20:40:01 [001446] generating using room type places, maze:maze vr corridor
2019-03-04 20:40:01 [001446] generated in 0.004s
2019-03-04 20:40:01 [001446] generating room 
2019-03-04 20:40:01 [001446] generating using room type places, maze:mazeRoom empty
2019-03-04 20:40:01 [001446] generated in 0.003s
2019-03-04 20:40:01 [001446] generating room vr corridor 5
2019-03-04 20:40:01 [001446] generating using room type places, maze:maze vr corridor selector
2019-03-04 20:40:01 [001446] choose for corridor from:
2019-03-04 20:40:01 [001446]  + (0.500) setting type: corridor tagged: not (shaft)
2019-03-04 20:40:01 [001446]    places, maze:maze vr corridor
2019-03-04 20:40:01 [001446]  + (0.500) setting type: corridor tagged: shaft
2019-03-04 20:40:01 [001446]    won't be used because is empty!
2019-03-04 20:40:01 [001446] choose "places, maze:maze vr corridor" for corridor (through world setting condition)
2019-03-04 20:40:01 [001446] generating using room type places, maze:maze vr corridor
2019-03-04 20:40:01 [001447] generated in 0.005s
2019-03-04 20:40:01 [001447] generating room 
2019-03-04 20:40:01 [001447] generating using room type places, maze:mazeRoom
2019-03-04 20:40:01 [001447] generated in 0.003s
2019-03-04 20:40:01 [001447] generating room vr corridor 6
2019-03-04 20:40:01 [001447] generating using room type places, maze:maze vr corridor selector
2019-03-04 20:40:01 [001447] choose for corridor from:
2019-03-04 20:40:01 [001447]  + (0.500) setting type: corridor tagged: not (shaft)
2019-03-04 20:40:01 [001447]    places, maze:maze vr corridor
2019-03-04 20:40:01 [001447]  + (0.500) setting type: corridor tagged: shaft
2019-03-04 20:40:01 [001447]    won't be used because is empty!
2019-03-04 20:40:01 [001447] choose "places, maze:maze vr corridor" for corridor (through world setting condition)
2019-03-04 20:40:01 [001447] generating using room type places, maze:maze vr corridor
2019-03-04 20:40:01 [001448] generated in 0.008s
2019-03-04 20:40:01 [001448] generating room 
2019-03-04 20:40:01 [001448] generating using room type places, maze:mazeRoom
2019-03-04 20:40:01 [001448] generated in 0.003s
2019-03-04 20:40:01 [001448] generating room vr corridor 7
2019-03-04 20:40:01 [001448] generating using room type places, maze:maze vr corridor selector
2019-03-04 20:40:01 [001448] choose for corridor from:
2019-03-04 20:40:01 [001448]  + (0.500) setting type: corridor tagged: not (shaft)
2019-03-04 20:40:01 [001448]    places, maze:maze vr corridor
2019-03-04 20:40:01 [001448]  + (0.500) setting type: corridor tagged: shaft
2019-03-04 20:40:01 [001448]    won't be used because is empty!
2019-03-04 20:40:01 [001448] choose "places, maze:maze vr corridor" for corridor (through world setting condition)
2019-03-04 20:40:01 [001448] generating using room type places, maze:maze vr corridor
2019-03-04 20:40:01 [001449] generated in 0.006s
2019-03-04 20:40:01 [001449] generating room 
2019-03-04 20:40:01 [001449] generating using room type places, balconies:balconies main room
2019-03-04 20:40:01 [001450] generated in 0.015s
2019-03-04 20:40:01 [001450] generating room vr corridor 8
2019-03-04 20:40:01 [001450] generating using room type places, maze:maze vr corridor selector
2019-03-04 20:40:01 [001450] choose for corridor from:
2019-03-04 20:40:01 [001450]  + (0.500) setting type: corridor tagged: not (shaft)
2019-03-04 20:40:01 [001450]    places, maze:maze vr corridor
2019-03-04 20:40:01 [001450]  + (0.500) setting type: corridor tagged: shaft
2019-03-04 20:40:01 [001450]    won't be used because is empty!
2019-03-04 20:40:01 [001450] choose "places, maze:maze vr corridor" for corridor (through world setting condition)
2019-03-04 20:40:01 [001450] generating using room type places, maze:maze vr corridor
2019-03-04 20:40:01 [001450] generated in 0.003s
2019-03-04 20:40:01 [001450] generating room 
2019-03-04 20:40:01 [001450] generating using room type places, towers:towers
2019-03-04 20:40:02 [001512] generated in 0.689s
2019-03-04 20:40:02 [001512] generating room vr corridor 9
2019-03-04 20:40:02 [001512] generating using room type places, towers:towers door vr corridor
2019-03-04 20:40:02 [001512] generated in 0.003s
2019-03-04 20:40:02 [001512] generating room vr corridor 10
2019-03-04 20:40:02 [001512] generating using room type places, towers:towers door vr corridor
2019-03-04 20:40:02 [001513] generated in 0.003s
2019-03-04 20:40:02 [001513] generating room 
2019-03-04 20:40:02 [001513] generating using room type places, balconies:balconies passage room
2019-03-04 20:40:02 [001513] generated in 0.003s
2019-03-04 20:40:02 [001513] generating room vr corridor 11
2019-03-04 20:40:02 [001513] generating using room type places, balconies:balconies door vr corridor
2019-03-04 20:40:02 [001514] generated in 0.014s
2019-03-04 20:40:02 [001514] generating room vr corridor 12
2019-03-04 20:40:02 [001514] generating using room type places, balconies:balconies door vr corridor
2019-03-04 20:40:02 [001515] generated in 0.004s
2019-03-04 20:40:02 [001515] generating room 
2019-03-04 20:40:02 [001515] generating using room type places, balconies:balconies passage room
2019-03-04 20:40:02 [001515] generated in 0.003s
2019-03-04 20:40:02 [001515] generating room vr corridor 13
2019-03-04 20:40:02 [001515] generating using room type places, balconies:balconies door vr corridor
2019-03-04 20:40:02 [001516] generated in 0.009s
2019-03-04 20:40:02 [001516] generating room vr corridor 14
2019-03-04 20:40:02 [001516] generating using room type places, balconies:balconies door vr corridor
2019-03-04 20:40:02 [001517] generated in 0.008s
2019-03-04 20:40:02 [001517] generating room 
2019-03-04 20:40:02 [001517] generating using room type places, towers:towers passage room
2019-03-04 20:40:02 [001517] generated in 0.002s
2019-03-04 20:40:02 [001517] generating room vr corridor 15
2019-03-04 20:40:02 [001517] generating using room type places, towers:towers door vr corridor
2019-03-04 20:40:02 [001517] generated in 0.002s
2019-03-04 20:40:02 [001517] generating room vr corridor 16
2019-03-04 20:40:02 [001517] generating using room type places, towers:towers door vr corridor
2019-03-04 20:40:02 [001517] generated in 0.003s
2019-03-04 20:40:02 [001517] generating room 
2019-03-04 20:40:02 [001517] generating using room type places, towers:towers passage room
2019-03-04 20:40:02 [001517] generated in 0.001s
2019-03-04 20:40:02 [001517] generating room vr corridor 17
2019-03-04 20:40:02 [001517] generating using room type places, towers:towers door vr corridor
2019-03-04 20:40:02 [001518] generated in 0.003s
2019-03-04 20:40:02 [001518] generating room 
2019-03-04 20:40:02 [001518] generating using room type places, towers:towers passage room
2019-03-04 20:40:02 [001518] generated in 0.001s
2019-03-04 20:40:02 [001518] generating room vr corridor 18 (elevator)
2019-03-04 20:40:02 [001518] generating using room type places, towers:towers door vr elevator
2019-03-04 20:40:03 [001572] generated in 0.599s
2019-03-04 20:40:03 [001572] generating room vr corridor 19 (elevator)
2019-03-04 20:40:03 [001572] generating using room type places, towers:towers door vr elevator
2019-03-04 20:40:03 [001627] generated in 0.612s
2019-03-04 20:40:03 [001627] generating room vr corridor 19 (elevator) (entrance 1)
2019-03-04 20:40:03 [001627] generating using room type places, towers:towers door vr elevator floor
2019-03-04 20:40:03 [001627] generated in 0.001s
2019-03-04 20:40:03 [001627] generating room vr corridor 20
2019-03-04 20:40:03 [001627] generating using room type places, towers:towers door vr corridor
2019-03-04 20:40:03 [001627] generated in 0.003s
2019-03-04 20:40:03 [001627] generating room 
2019-03-04 20:40:03 [001627] generating using room type places, towers:towers passage room
2019-03-04 20:40:03 [001627] generated in 0.002s
2019-03-04 20:40:03 [001627] generating room vr corridor 21
2019-03-04 20:40:03 [001627] generating using room type places, towers:towers door vr corridor
2019-03-04 20:40:03 [001628] generated in 0.005s
2019-03-04 20:40:03 [001628] generating room 
2019-03-04 20:40:03 [001628] generating using room type places, towers:towers passage room
2019-03-04 20:40:03 [001628] generated in 0.002s
2019-03-04 20:40:03 [001628] generating room vr corridor 22
2019-03-04 20:40:03 [001628] generating using room type places, towers:towers door vr corridor
2019-03-04 20:40:03 [001628] generated in 0.003s
2019-03-04 20:40:03 [001628] generating room vr corridor 23
2019-03-04 20:40:03 [001628] generating using room type places, towers:towers door vr corridor
2019-03-04 20:40:03 [001628] generated in 0.003s
2019-03-04 20:40:03 [001628] generating room 
2019-03-04 20:40:03 [001628] generating using room type places, towers:towers passage room
2019-03-04 20:40:03 [001629] generated in 0.002s
2019-03-04 20:40:03 [001629] generating room vr corridor 24
2019-03-04 20:40:03 [001629] generating using room type places, towers:towers door vr corridor
2019-03-04 20:40:03 [001629] generated in 0.004s
2019-03-04 20:40:03 [001629] generating room 
2019-03-04 20:40:03 [001629] generating using room type places, towers:towers passage room
2019-03-04 20:40:03 [001629] generated in 0.003s
2019-03-04 20:40:03 [001629] generating room vr corridor 25
2019-03-04 20:40:03 [001629] generating using room type places, towers:towers door vr corridor
2019-03-04 20:40:03 [001629] generated in 0.003s
2019-03-04 20:40:03 [001630] generating room vr corridor 26
2019-03-04 20:40:03 [001630] generating using room type places, towers:towers door vr corridor
2019-03-04 20:40:03 [001630] generated in 0.004s
2019-03-04 20:40:03 [001630] generating room vr corridor 18 (elevator) (entrance 0)
2019-03-04 20:40:03 [001630] generating using room type places, towers:towers door vr elevator floor
2019-03-04 20:40:03 [001630] generated in 0.002s
2019-03-04 20:40:03 [001630] generating room vr corridor 19 (elevator) (entrance 0)
2019-03-04 20:40:03 [001630] generating using room type places, towers:towers door vr elevator floor
2019-03-04 20:40:03 [001630] generated in 0.001s
2019-03-04 20:40:03 [001630] generating room vr corridor 18 (elevator) (entrance 1)
2019-03-04 20:40:03 [001630] generating using room type places, towers:towers door vr elevator floor
2019-03-04 20:40:03 [001630] generated in 0.001s
2019-03-04 20:40:03 [001630] generating room vr corridor 27
2019-03-04 20:40:03 [001630] generating using room type places, towers:towers door vr corridor
2019-03-04 20:40:03 [001631] generated in 0.004s
2019-03-04 20:40:03 [001631] generating room beyond door room 0 "testVR:view onto the city"
2019-03-04 20:40:03 [001631] generating using room type testVR:view onto the city
2019-03-04 20:40:03 [001631] generated in 0.000s
2019-03-04 20:40:03 [001631] generating room beyond door room 0 "testVR:long corridor 01"
2019-03-04 20:40:03 [001631] generating using room type testVR:long corridor 01
2019-03-04 20:40:03 [001631] generated in 0.007s
2019-03-04 20:40:03 [001631] generating room beyond door room 0 "testVR:view onto the city"
2019-03-04 20:40:03 [001631] generating using room type testVR:view onto the city
2019-03-04 20:40:03 [001631] generated in 0.000s
2019-03-04 20:40:03 [001631] generating room beyond door room 0 "testVR:view onto the city"
2019-03-04 20:40:03 [001631] generating using room type testVR:view onto the city
2019-03-04 20:40:03 [001631] generated in 0.000s
2019-03-04 20:40:03 [001631] generating room beyond door room 0 "testVR:view onto the city"
2019-03-04 20:40:03 [001631] generating using room type testVR:view onto the city
2019-03-04 20:40:03 [001631] generated in 0.000s
2019-03-04 20:40:03 [001631] generating room beyond door room 0 "testVR:view onto the city"
2019-03-04 20:40:03 [001631] generating using room type testVR:view onto the city
2019-03-04 20:40:03 [001631] generated in 0.000s
2019-03-04 20:40:03 [001631] generating room beyond door room 0 "testVR:view onto the city"
2019-03-04 20:40:03 [001631] generating using room type testVR:view onto the city
2019-03-04 20:40:03 [001631] generated in 0.000s
2019-03-04 20:40:03 [001631] generating room beyond door room 0 "testVR:view onto the city"
2019-03-04 20:40:03 [001631] generating using room type testVR:view onto the city
2019-03-04 20:40:03 [001631] generated in 0.000s
2019-03-04 20:40:03 [001631] generating room beyond door room 0 "testVR:view onto the city"
2019-03-04 20:40:03 [001631] generating using room type testVR:view onto the city
2019-03-04 20:40:03 [001631] generated in 0.000s
2019-03-04 20:40:03 [001631] generating room beyond door room 0 "testVR:view onto the city"
2019-03-04 20:40:03 [001631] generating using room type testVR:view onto the city
2019-03-04 20:40:03 [001631] generated in 0.000s
2019-03-04 20:40:03 [001631] generating room beyond door room 0 "testVR:view onto the city"
2019-03-04 20:40:03 [001631] generating using room type testVR:view onto the city
2019-03-04 20:40:03 [001631] generated in 0.000s
2019-03-04 20:40:03 [001631] generating room beyond door room 0 "testVR:view onto the city"
2019-03-04 20:40:03 [001631] generating using room type testVR:view onto the city
2019-03-04 20:40:03 [001631] generated in 0.000s
2019-03-04 20:40:03 [001631] generating room beyond door room 0 "testVR:view onto the city"
2019-03-04 20:40:03 [001631] generating using room type testVR:view onto the city
2019-03-04 20:40:03 [001631] generated in 0.000s
2019-03-04 20:40:03 [001632] generating room beyond door room 0 "testVR:view onto the city"
2019-03-04 20:40:03 [001632] generating using room type testVR:view onto the city
2019-03-04 20:40:03 [001632] generated in 0.000s
2019-03-04 20:40:03 [001632] generating room vr corridor 28
2019-03-04 20:40:03 [001632] generating using room type places, maze:maze vr corridor selector
2019-03-04 20:40:03 [001632] choose for corridor from:
2019-03-04 20:40:03 [001632]  + (0.500) setting type: corridor tagged: not (shaft)
2019-03-04 20:40:03 [001632]    places, maze:maze vr corridor
2019-03-04 20:40:03 [001632]  + (0.500) setting type: corridor tagged: shaft
2019-03-04 20:40:03 [001632]    won't be used because is empty!
2019-03-04 20:40:03 [001632] choose "places, maze:maze vr corridor" for corridor (through world setting condition)
2019-03-04 20:40:03 [001632] generating using room type places, maze:maze vr corridor
2019-03-04 20:40:03 [001632] generated in 0.007s
2019-03-04 20:40:03 [001632] generating room vr corridor 29
2019-03-04 20:40:03 [001632] generating using room type places, maze:maze vr corridor selector
2019-03-04 20:40:03 [001632] choose for corridor from:
2019-03-04 20:40:03 [001632]  + (0.500) setting type: corridor tagged: not (shaft)
2019-03-04 20:40:03 [001632]    places, maze:maze vr corridor
2019-03-04 20:40:03 [001632]  + (0.500) setting type: corridor tagged: shaft
2019-03-04 20:40:03 [001632]    won't be used because is empty!
2019-03-04 20:40:03 [001632] choose "places, maze:maze vr corridor" for corridor (through world setting condition)
2019-03-04 20:40:03 [001632] generating using room type places, maze:maze vr corridor
2019-03-04 20:40:03 [001633] generated in 0.008s
2019-03-04 20:40:03 [001633] generating room vr corridor 30
2019-03-04 20:40:03 [001633] generating using room type places, maze:maze vr corridor selector
2019-03-04 20:40:03 [001633] choose for corridor from:
2019-03-04 20:40:03 [001633]  + (0.500) setting type: corridor tagged: not (shaft)
2019-03-04 20:40:03 [001633]    places, maze:maze vr corridor
2019-03-04 20:40:03 [001633]  + (0.500) setting type: corridor tagged: shaft
2019-03-04 20:40:03 [001633]    won't be used because is empty!
2019-03-04 20:40:03 [001633] choose "places, maze:maze vr corridor" for corridor (through world setting condition)
2019-03-04 20:40:03 [001633] generating using room type places, maze:maze vr corridor
2019-03-04 20:40:03 [001634] generated in 0.007s
2019-03-04 20:40:03 [001634] generating room vr corridor 31
2019-03-04 20:40:03 [001634] generating using room type places, maze:maze vr corridor selector
2019-03-04 20:40:03 [001634] choose for corridor from:
2019-03-04 20:40:03 [001634]  + (0.500) setting type: corridor tagged: not (shaft)
2019-03-04 20:40:03 [001634]    places, maze:maze vr corridor
2019-03-04 20:40:03 [001634]  + (0.500) setting type: corridor tagged: shaft
2019-03-04 20:40:03 [001634]    won't be used because is empty!
2019-03-04 20:40:03 [001634] choose "places, maze:maze vr corridor" for corridor (through world setting condition)
2019-03-04 20:40:03 [001634] generating using room type places, maze:maze vr corridor
2019-03-04 20:40:03 [001634] generated in 0.005s
2019-03-04 20:40:03 [001634] generating room vr corridor 32
2019-03-04 20:40:03 [001634] generating using room type places, maze:maze vr corridor selector
2019-03-04 20:40:03 [001634] choose for corridor from:
2019-03-04 20:40:03 [001634]  + (0.500) setting type: corridor tagged: not (shaft)
2019-03-04 20:40:03 [001634]    places, maze:maze vr corridor
2019-03-04 20:40:03 [001634]  + (0.500) setting type: corridor tagged: shaft
2019-03-04 20:40:03 [001634]    won't be used because is empty!
2019-03-04 20:40:03 [001634] choose "places, maze:maze vr corridor" for corridor (through world setting condition)
2019-03-04 20:40:03 [001634] generating using room type places, maze:maze vr corridor
2019-03-04 20:40:03 [001635] generated in 0.007s
2019-03-04 20:40:03 [001635] generating room vr corridor 33
2019-03-04 20:40:03 [001635] generating using room type places, maze:maze vr corridor selector
2019-03-04 20:40:03 [001635] choose for corridor from:
2019-03-04 20:40:03 [001635]  + (0.500) setting type: corridor tagged: not (shaft)
2019-03-04 20:40:03 [001635]    places, maze:maze vr corridor
2019-03-04 20:40:03 [001635]  + (0.500) setting type: corridor tagged: shaft
2019-03-04 20:40:03 [001635]    won't be used because is empty!
2019-03-04 20:40:03 [001635] choose "places, maze:maze vr corridor" for corridor (through world setting condition)
2019-03-04 20:40:03 [001635] generating using room type places, maze:maze vr corridor
2019-03-04 20:40:03 [001635] generated in 0.007s
2019-03-04 20:40:03 [001636] generating room vr corridor 34
2019-03-04 20:40:03 [001636] generating using room type places, maze:maze vr corridor selector
2019-03-04 20:40:03 [001636] choose for corridor from:
2019-03-04 20:40:03 [001636]  + (0.500) setting type: corridor tagged: not (shaft)
2019-03-04 20:40:03 [001636]    places, maze:maze vr corridor
2019-03-04 20:40:03 [001636]  + (0.500) setting type: corridor tagged: shaft
2019-03-04 20:40:03 [001636]    won't be used because is empty!
2019-03-04 20:40:03 [001636] choose "places, maze:maze vr corridor" for corridor (through world setting condition)
2019-03-04 20:40:03 [001636] generating using room type places, maze:maze vr corridor
2019-03-04 20:40:03 [001636] generated in 0.008s
2019-03-04 20:40:03 [001636] generating room vr corridor 35
2019-03-04 20:40:03 [001636] generating using room type places, maze:maze vr corridor selector
2019-03-04 20:40:03 [001636] choose for corridor from:
2019-03-04 20:40:03 [001636]  + (0.500) setting type: corridor tagged: not (shaft)
2019-03-04 20:40:03 [001636]    places, maze:maze vr corridor
2019-03-04 20:40:03 [001636]  + (0.500) setting type: corridor tagged: shaft
2019-03-04 20:40:03 [001636]    won't be used because is empty!
2019-03-04 20:40:03 [001636] choose "places, maze:maze vr corridor" for corridor (through world setting condition)
2019-03-04 20:40:03 [001636] generating using room type places, maze:maze vr corridor
2019-03-04 20:40:03 [001637] generated in 0.004s
2019-03-04 20:40:03 [001637] generating room vr corridor 36
2019-03-04 20:40:03 [001637] generating using room type places, towers:towers door vr corridor
2019-03-04 20:40:03 [001637] generated in 0.003s
2019-03-04 20:40:03 [001637] generating room vr corridor 37
2019-03-04 20:40:03 [001637] generating using room type places, balconies:balconies door vr corridor
2019-03-04 20:40:03 [001637] generated in 0.004s
2019-03-04 20:40:03 [001637] generating room vr corridor 38
2019-03-04 20:40:03 [001637] generating using room type places, balconies:balconies door vr corridor
2019-03-04 20:40:03 [001638] generated in 0.005s
2019-03-04 20:40:03 [001638] generating room vr corridor 39
2019-03-04 20:40:03 [001638] generating using room type places, balconies:balconies door vr corridor
2019-03-04 20:40:03 [001642] generated in 0.044s
2019-03-04 20:40:03 [001642] generating room vr corridor 40
2019-03-04 20:40:03 [001642] generating using room type places, balconies:balconies door vr corridor
2019-03-04 20:40:03 [001643] generated in 0.017s
2019-03-04 20:40:03 [001643] generating room vr corridor 41
2019-03-04 20:40:03 [001643] generating using room type places, balconies:balconies door vr corridor
2019-03-04 20:40:03 [001645] generated in 0.015s
2019-03-04 20:40:03 [001645] generating room vr corridor 42 (elevator)
2019-03-04 20:40:03 [001645] generating using room type places, towers:towers door vr elevator
2019-03-04 20:40:04 [001704] generated in 0.656s
2019-03-04 20:40:04 [001704] generating room vr corridor 42 (elevator) (entrance 0)
2019-03-04 20:40:04 [001704] generating using room type places, towers:towers door vr elevator floor
2019-03-04 20:40:04 [001704] generated in 0.001s
2019-03-04 20:40:04 [001704] generating room vr corridor 42 (elevator) (entrance 1)
2019-03-04 20:40:04 [001704] generating using room type places, towers:towers door vr elevator floor
2019-03-04 20:40:04 [001704] generated in 0.001s
2019-03-04 20:40:04 [001704] generating room vr corridor 43
2019-03-04 20:40:04 [001704] generating using room type places, towers:towers door vr corridor
2019-03-04 20:40:04 [001704] generated in 0.003s
2019-03-04 20:40:04 [001704] generating room vr corridor 44
2019-03-04 20:40:04 [001704] generating using room type places, towers:towers door vr corridor
2019-03-04 20:40:04 [001704] generated in 0.003s
2019-03-04 20:40:04 [001705] generating room vr corridor 45
2019-03-04 20:40:04 [001705] generating using room type places, towers:towers door vr corridor
2019-03-04 20:40:04 [001705] generated in 0.002s
2019-03-04 20:40:04 [001705] generating room vr corridor 46
2019-03-04 20:40:04 [001705] generating using room type places, towers:towers door vr corridor
2019-03-04 20:40:04 [001705] generated in 0.002s
2019-03-04 20:40:04 [001705] generating room vr corridor 47
2019-03-04 20:40:04 [001705] generating using room type places, towers:towers door vr corridor
2019-03-04 20:40:04 [001705] generated in 0.003s
2019-03-04 20:40:04 [001705] generating room vr corridor 48
2019-03-04 20:40:04 [001705] generating using room type places, towers:towers door vr corridor
2019-03-04 20:40:04 [001706] generated in 0.003s
2019-03-04 20:40:04 [001706] generating room vr corridor 49
2019-03-04 20:40:04 [001706] generating using room type places, towers:towers door vr corridor
2019-03-04 20:40:04 [001706] generated in 0.002s
2019-03-04 20:40:04 [001706] generating room vr corridor 50 (elevator)
2019-03-04 20:40:04 [001706] generating using room type places, towers:towers door vr elevator
2019-03-04 20:40:05 [001762] generated in 0.628s
2019-03-04 20:40:05 [001762] generating room vr corridor 50 (elevator) (entrance 1)
2019-03-04 20:40:05 [001762] generating using room type places, towers:towers door vr elevator floor
2019-03-04 20:40:05 [001762] generated in 0.001s
2019-03-04 20:40:05 [001762] generating room vr corridor 50 (elevator) (entrance 0)
2019-03-04 20:40:05 [001762] generating using room type places, towers:towers door vr elevator floor
2019-03-04 20:40:05 [001763] generated in 0.001s
2019-03-04 20:40:05 [001763] generating room vr corridor 51
2019-03-04 20:40:05 [001763] generating using room type places, towers:towers door vr corridor
2019-03-04 20:40:05 [001763] generated in 0.003s
2019-03-04 20:40:05 [001763] generated current region in 4.21s
2019-03-04 20:40:05 [001763] should cancel next part!
2019-03-04 20:40:05 [001763]   polygonNormalIssue
2019-03-04 20:40:05 [001763]   polygonNormalIssue
2019-03-04 20:40:05 [001763]   polygonNormalIssue
2019-03-04 20:40:05 [001763]   polygonNormalIssue
2019-03-04 20:40:05 [001763]   polygonNormalIssue
2019-03-04 20:40:05 [001763]   polygonNormalIssue
2019-03-04 20:40:05 [001763]   polygonNormalIssue
2019-03-04 20:40:05 [001763]   polygonNormalIssue
2019-03-04 20:40:05 [001763]   polygonNormalIssue
2019-03-04 20:40:05 [001763]   polygonNormalIssue
2019-03-04 20:40:05 [001763]   polygonNormalIssue
2019-03-04 20:40:05 [001763]   polygonNormalIssue
2019-03-04 20:40:05 [001763]   polygonNormalIssue
2019-03-04 20:40:05 [001763]   polygonNormalIssue
2019-03-04 20:40:05 [001763]   polygonNormalIssue
2019-03-04 20:40:05 [001763]   polygonNormalIssue
2019-03-04 20:40:05 [001763]   polygonNormalIssue
2019-03-04 20:40:05 [001763]   polygonNormalIssue
2019-03-04 20:40:05 [001763]   polygonNormalIssue
2019-03-04 20:40:05 [001763]   polygonNormalIssue
2019-03-04 20:40:05 [001763]   polygonNormalIssue
2019-03-04 20:40:05 [001763]   polygonNormalIssue
2019-03-04 20:40:05 [001763]   polygonNormalIssue
2019-03-04 20:40:05 [001763]   polygonNormalIssue
2019-03-04 20:40:05 [001763]   polygonNormalIssue
2019-03-04 20:40:05 [001763]   polygonNormalIssue
2019-03-04 20:40:05 [001763]   polygonNormalIssue
2019-03-04 20:40:05 [001763]   polygonNormalIssue
2019-03-04 20:40:05 [001763]   polygonNormalIssue
2019-03-04 20:40:05 [001763]   polygonNormalIssue
2019-03-04 20:40:05 [001763]   polygonNormalIssue
2019-03-04 20:40:05 [001763]   polygonNormalIssue
2019-03-04 20:40:05 [001763]   polygonNormalIssue
2019-03-04 20:40:05 [001763]   polygonNormalIssue
2019-03-04 20:40:05 [001763]   polygonNormalIssue
2019-03-04 20:40:05 [001763]   polygonNormalIssue
2019-03-04 20:40:05 [001763]   polygonNormalIssue
2019-03-04 20:40:05 [001763]   polygonNormalIssue
2019-03-04 20:40:05 [001763]   polygonNormalIssue
2019-03-04 20:40:05 [001772] created next region in 4.35s
2019-03-04 20:40:05 [001772] started removal of unused temporary objects
2019-03-04 20:40:05 [001772] ended removal of unused temporary objects (removed: 0)
2019-03-04 20:40:05 [001772] library - loaded 2059 objects
2019-03-04 20:40:07 [001948] [ERROR] no skinning data created using "npcs:proximity mine", may have degenerated vertices after transform
2019-03-04 20:40:10 [002218] [ERROR] no skinning data created using "npcs:proximity mine", may have degenerated vertices after transform
2019-03-04 20:40:15 [002726] [ERROR] no skinning data created using "npcs:proximity mine", may have degenerated vertices after transform
2019-03-04 20:40:16 [002753] [ERROR] no skinning data created using "npcs:proximity mine", may have degenerated vertices after transform
2019-03-04 20:48:49 [048932] [warning] HITCH FRAME TIME 17.298ms (expected 10.989ms)
2019-03-04 20:53:39 [074997] [warning] presence path exceeded size
2019-03-04 20:59:04 [104219] start exit
2019-03-04 20:59:04 [104219] save player setup
2019-03-04 20:59:04 [104219] config saved
2019-03-04 20:59:04 [104219] save game config
2019-03-04 20:59:04 [104219] config saved
2019-03-04 20:59:04 [104219] terminate job system
2019-03-04 20:59:04 [104219] terminating job system...
2019-03-04 20:59:04 [104219] terminated job system...
2019-03-04 20:59:04 [104219] close sound
2019-03-04 20:59:04 [104219] close VR
2019-03-04 20:59:04 [104219] close video 3D
2019-03-04 20:59:04 [104219] exit now
